
Showing logs for build [32mpaolocarta-openliberty-svc-mast-v62vt-1[0m stage [32mfrom-build-pack[0m and container [32mstep-credential-initializer-nbjbd[0m
{"level":"warn","ts":1577980494.3974204,"logger":"fallback-logger","caller":"logging/config.go:69","msg":"Fetch GitHub commit ID from kodata failed: \"ref: refs/heads/master\" is not a valid GitHub commit ID"}
{"level":"info","ts":1577980494.397873,"logger":"fallback-logger","caller":"creds-init/main.go:40","msg":"Credentials initialized."}

Showing logs for build [32mpaolocarta-openliberty-svc-mast-v62vt-1[0m stage [32mfrom-build-pack[0m and container [32mstep-working-dir-initializer-nz79z[0m
{"level":"warn","ts":1577980495.6586685,"logger":"fallback-logger","caller":"logging/config.go:69","msg":"Fetch GitHub commit ID from kodata failed: open /var/run/ko/HEAD: no such file or directory"}
{"level":"info","ts":1577980495.660266,"logger":"fallback-logger","caller":"bash/main.go:65","msg":"Successfully executed command \"mkdir -p /workspace/source\""}

Showing logs for build [32mpaolocarta-openliberty-svc-mast-v62vt-1[0m stage [32mfrom-build-pack[0m and container [32mstep-place-tools[0m

Showing logs for build [32mpaolocarta-openliberty-svc-mast-v62vt-1[0m stage [32mfrom-build-pack[0m and container [32mstep-git-source-paolocarta-openliberty-svc-mast-2przz[0m
{"level":"warn","ts":1577980503.7437031,"logger":"fallback-logger","caller":"logging/config.go:69","msg":"Fetch GitHub commit ID from kodata failed: \"ref: refs/heads/master\" is not a valid GitHub commit ID"}
{"level":"info","ts":1577980505.5406651,"logger":"fallback-logger","caller":"git/git.go:102","msg":"Successfully cloned https://github.com/**********/openliberty-svc.git @ v1.0.0 in path /workspace/source"}

Showing logs for build [32mpaolocarta-openliberty-svc-mast-v62vt-1[0m stage [32mfrom-build-pack[0m and container [32mstep-git-merge[0m
Using SHAs from PULL_REFS=master:d69e9fe73e6dc82ac638b48f8f5df391e0e5d6ce
WARNING: no SHAs to merge, falling back to initial cloned commit

Showing logs for build [32mpaolocarta-openliberty-svc-mast-v62vt-1[0m stage [32mfrom-build-pack[0m and container [32mstep-setup-jx-git-credentials[0m
Generated Git credentials file /workspace/xdg_config/git/credentials

Showing logs for build [32mpaolocarta-openliberty-svc-mast-v62vt-1[0m stage [32mfrom-build-pack[0m and container [32mstep-build-mvn-deploy[0m
Picked up _JAVA_OPTIONS: -XX:+UnlockExperimentalVMOptions -XX:+UseCGroupMemoryLimitForHeap -Dsun.zip.disableMemoryMapping=true -XX:+UseParallelGC -XX:MinHeapFreeRatio=5 -XX:MaxHeapFreeRatio=10 -XX:GCTimeRatio=4 -XX:AdaptiveSizePolicyWeight=90 -Xms10m -Xmx192m
OpenJDK 64-Bit Server VM warning: If the number of processors is expected to increase from one, then you should configure the number of parallel GC threads appropriately using -XX:ParallelGCThreads=N
[INFO] Scanning for projects...
[INFO] 
[INFO] ----< io.openliberty.samples:io.openliberty.sample.getting.started >----
[INFO] Building io.openliberty.sample.getting.started 1.0.0
[INFO] --------------------------------[ war ]---------------------------------
[INFO] 
[INFO] --- maven-clean-plugin:2.5:clean (default-clean) @ io.openliberty.sample.getting.started ---
[INFO] 
[INFO] --- maven-resources-plugin:2.6:resources (default-resources) @ io.openliberty.sample.getting.started ---
[INFO] Using 'UTF-8' encoding to copy filtered resources.
[INFO] Copying 2 resources
[INFO] 
[INFO] --- maven-compiler-plugin:3.1:compile (default-compile) @ io.openliberty.sample.getting.started ---
[INFO] Changes detected - recompiling the module!
[INFO] Compiling 9 source files to /workspace/source/target/classes
[INFO] 
[INFO] --- maven-resources-plugin:2.6:testResources (default-testResources) @ io.openliberty.sample.getting.started ---
[INFO] Using 'UTF-8' encoding to copy filtered resources.
[INFO] skip non existing resourceDirectory /workspace/source/src/test/resources
[INFO] 
[INFO] --- maven-compiler-plugin:3.1:testCompile (default-testCompile) @ io.openliberty.sample.getting.started ---
[INFO] Changes detected - recompiling the module!
[INFO] Compiling 2 source files to /workspace/source/target/test-classes
[INFO] 
[INFO] --- maven-surefire-plugin:3.0.0-M1:test (default-test) @ io.openliberty.sample.getting.started ---
[INFO] 
[INFO] --- liberty-maven-plugin:2.0:install-server (install-liberty) @ io.openliberty.sample.getting.started ---
[INFO] CWWKM2102I: Using artifact based assembly archive : io.openliberty:openliberty-runtime:null:RELEASE:zip.
[INFO] CWWKM2102I: Using installDirectory : /workspace/source/target/liberty/wlp.
[INFO] CWWKM2102I: Using serverName : sampleAppServer.
[INFO] CWWKM2102I: Using serverDirectory : /workspace/source/target/liberty/wlp/usr/servers/sampleAppServer.
[INFO] CWWKM2185I: The liberty-maven-plugin configuration parameter "appsDirectory" value defaults to "apps".
[INFO] Installing assembly...
[INFO] Expanding: /home/jenkins/.mvnrepository/io/openliberty/openliberty-runtime/19.0.0.12/openliberty-runtime-19.0.0.12.zip into /workspace/source/target/liberty
[INFO] 
[INFO] --- maven-war-plugin:3.0.0:war (default-war) @ io.openliberty.sample.getting.started ---
[INFO] Packaging webapp
[INFO] Assembling webapp [io.openliberty.sample.getting.started] in [/workspace/source/target/io.openliberty.sample.getting.started-1.0.0]
[INFO] Processing war project
[INFO] Copying webapp resources [/workspace/source/src/main/webapp]
[INFO] Webapp assembled in [35 msecs]
[INFO] Building war: /workspace/source/target/io.openliberty.sample.getting.started-1.0.0.war
[INFO] 
[INFO] --- liberty-maven-plugin:2.0:package-server (package-app) @ io.openliberty.sample.getting.started ---
[INFO] CWWKM2102I: Using artifact based assembly archive : io.openliberty:openliberty-runtime:null:RELEASE:zip.
[INFO] CWWKM2102I: Using installDirectory : /workspace/source/target/liberty/wlp.
[INFO] CWWKM2102I: Using serverName : sampleAppServer.
[INFO] CWWKM2102I: Using serverDirectory : /workspace/source/target/liberty/wlp/usr/servers/sampleAppServer.
[INFO] CWWKM2112I: Re-using previously installed assembly.
[INFO] CWWKM2134I: Packaging server sampleAppServer.
[INFO] Copying 2 files to /workspace/source/target/liberty/wlp/usr/servers/sampleAppServer
[INFO] CWWKM2144I: Update server configuration file server.xml from /workspace/source/src/main/liberty/config/server.xml.
[INFO] CWWKM2144I: Update server configuration file bootstrap.properties from inlined configuration.
[INFO] CWWKM2136I: Package file location is /workspace/source/target/LibertyProject.zip.
[INFO] CWWKM2001I: server.config.dir is /workspace/source/target/liberty/wlp/usr/servers/sampleAppServer.
[INFO] CWWKM2001I: server.output.dir is /workspace/source/target/wlp-package/sampleAppServer.
[INFO] CWWKM2001I: Invoke command is [/workspace/source/target/liberty/wlp/bin/server, package, sampleAppServer, --archive=/workspace/source/target/LibertyProject.zip, --include=usr].
[INFO] 
[INFO] Picked up _JAVA_OPTIONS: -XX:+UnlockExperimentalVMOptions -XX:+UseCGroupMemoryLimitForHeap -Dsun.zip.disableMemoryMapping=true -XX:+UseParallelGC -XX:MinHeapFreeRatio=5 -XX:MaxHeapFreeRatio=10 -XX:GCTimeRatio=4 -XX:AdaptiveSizePolicyWeight=90 -Xms10m -Xmx192m
[INFO] OpenJDK 64-Bit Server VM warning: If the number of processors is expected to increase from one, then you should configure the number of parallel GC threads appropriately using -XX:ParallelGCThreads=N
[INFO] Packaging server sampleAppServer.
[INFO] Server sampleAppServer package complete in /workspace/source/target/LibertyProject.zip.
[INFO] 
[INFO] --- liberty-maven-plugin:2.0:install-apps (install-app) @ io.openliberty.sample.getting.started ---
[INFO] CWWKM2102I: Using artifact based assembly archive : io.openliberty:openliberty-runtime:null:RELEASE:zip.
[INFO] CWWKM2102I: Using installDirectory : /workspace/source/target/liberty/wlp.
[INFO] CWWKM2102I: Using serverName : sampleAppServer.
[INFO] CWWKM2102I: Using serverDirectory : /workspace/source/target/liberty/wlp/usr/servers/sampleAppServer.
[INFO] Copying 2 files to /workspace/source/target/liberty/wlp/usr/servers/sampleAppServer
[INFO] CWWKM2144I: Update server configuration file server.xml from /workspace/source/src/main/liberty/config/server.xml.
[INFO] CWWKM2144I: Update server configuration file bootstrap.properties from inlined configuration.
[INFO] CWWKM2185I: The liberty-maven-plugin configuration parameter "appsDirectory" value defaults to "apps".
[INFO] CWWKM2160I: Installing application io.openliberty.sample.getting.started.war.xml.
[INFO] 
[INFO] --- liberty-maven-plugin:2.0:start-server (start-server) @ io.openliberty.sample.getting.started ---
[INFO] CWWKM2102I: Using artifact based assembly archive : io.openliberty:openliberty-runtime:null:RELEASE:zip.
[INFO] CWWKM2102I: Using installDirectory : /workspace/source/target/liberty/wlp.
[INFO] CWWKM2102I: Using serverName : sampleAppServer.
[INFO] CWWKM2102I: Using serverDirectory : /workspace/source/target/liberty/wlp/usr/servers/sampleAppServer.
[INFO] CWWKM2112I: Re-using previously installed assembly.
[INFO] Copying 2 files to /workspace/source/target/liberty/wlp/usr/servers/sampleAppServer
[INFO] CWWKM2144I: Update server configuration file server.xml from /workspace/source/src/main/liberty/config/server.xml.
[INFO] CWWKM2144I: Update server configuration file bootstrap.properties from inlined configuration.
[INFO] CWWKM2001I: server.config.dir is /workspace/source/target/liberty/wlp/usr/servers/sampleAppServer.
[INFO] CWWKM2001I: server.output.dir is /workspace/source/target/liberty/wlp/usr/servers/sampleAppServer.
[INFO] CWWKM2001I: Invoke command is [/workspace/source/target/liberty/wlp/bin/server, start, sampleAppServer].
[INFO] 
[INFO] Picked up _JAVA_OPTIONS: -XX:+UnlockExperimentalVMOptions -XX:+UseCGroupMemoryLimitForHeap -Dsun.zip.disableMemoryMapping=true -XX:+UseParallelGC -XX:MinHeapFreeRatio=5 -XX:MaxHeapFreeRatio=10 -XX:GCTimeRatio=4 -XX:AdaptiveSizePolicyWeight=90 -Xms10m -Xmx192m
[INFO] OpenJDK 64-Bit Server VM warning: If the number of processors is expected to increase from one, then you should configure the number of parallel GC threads appropriately using -XX:ParallelGCThreads=N
[INFO] Starting server sampleAppServer.
[INFO] Server sampleAppServer started with process ID 102.
[INFO] Waiting up to 30 seconds for server confirmation:  CWWKF0011I to be found in /workspace/source/target/liberty/wlp/usr/servers/sampleAppServer/logs/messages.log
[INFO] CWWKM2010I: Searching for CWWKF0011I in /workspace/source/target/liberty/wlp/usr/servers/sampleAppServer/logs/messages.log. This search will timeout after 30 seconds.
[INFO] CWWKM2015I: Match number: 1 is [1/2/20 15:56:15:897 UTC] 0000001a com.ibm.ws.kernel.feature.internal.FeatureManager            A CWWKF0011I: The sampleAppServer server is ready to run a smarter planet. The sampleAppServer server started in 22.376 seconds..
[INFO] 
[INFO] --- maven-failsafe-plugin:2.18.1:integration-test (integration-test) @ io.openliberty.sample.getting.started ---
[INFO] Failsafe report directory: /workspace/source/target/test-reports/it

-------------------------------------------------------
 T E S T S
-------------------------------------------------------
Picked up _JAVA_OPTIONS: -XX:+UnlockExperimentalVMOptions -XX:+UseCGroupMemoryLimitForHeap -Dsun.zip.disableMemoryMapping=true -XX:+UseParallelGC -XX:MinHeapFreeRatio=5 -XX:MaxHeapFreeRatio=10 -XX:GCTimeRatio=4 -XX:AdaptiveSizePolicyWeight=90 -Xms10m -Xmx192m
SUREFIRE-859: OpenJDK 64-Bit Server VM warning: If the number of processors is expected to increase from one, then you should configure the number of parallel GC threads appropriately using -XX:ParallelGCThreads=N
Running it.io.openliberty.sample.health.HealthTest
java.io.FileNotFoundException: /workspace/source/resources/CustomConfigSource.json (No such file or directory)
	at java.io.FileInputStream.open0(Native Method)
	at java.io.FileInputStream.open(FileInputStream.java:195)
	at java.io.FileInputStream.<init>(FileInputStream.java:138)
	at java.io.FileReader.<init>(FileReader.java:72)
	at it.io.openliberty.sample.health.HealthTestUtil.changeProperty(HealthTestUtil.java:73)
	at it.io.openliberty.sample.health.HealthTestUtil.cleanUp(HealthTestUtil.java:91)
	at it.io.openliberty.sample.health.HealthTest.teardown(HealthTest.java:65)
	at sun.reflect.NativeMethodAccessorImpl.invoke0(Native Method)
	at sun.reflect.NativeMethodAccessorImpl.invoke(NativeMethodAccessorImpl.java:62)
	at sun.reflect.DelegatingMethodAccessorImpl.invoke(DelegatingMethodAccessorImpl.java:43)
	at java.lang.reflect.Method.invoke(Method.java:498)
	at org.junit.runners.model.FrameworkMethod$1.runReflectiveCall(FrameworkMethod.java:50)
	at org.junit.internal.runners.model.ReflectiveCallable.run(ReflectiveCallable.java:12)
	at org.junit.runners.model.FrameworkMethod.invokeExplosively(FrameworkMethod.java:47)
	at org.junit.internal.runners.statements.RunAfters.evaluate(RunAfters.java:33)
	at org.junit.runners.ParentRunner.runLeaf(ParentRunner.java:325)
	at org.junit.runners.BlockJUnit4ClassRunner.runChild(BlockJUnit4ClassRunner.java:78)
	at org.junit.runners.BlockJUnit4ClassRunner.runChild(BlockJUnit4ClassRunner.java:57)
	at org.junit.runners.ParentRunner$3.run(ParentRunner.java:290)
	at org.junit.runners.ParentRunner$1.schedule(ParentRunner.java:71)
	at org.junit.runners.ParentRunner.runChildren(ParentRunner.java:288)
	at org.junit.runners.ParentRunner.access$000(ParentRunner.java:58)
	at org.junit.runners.ParentRunner$2.evaluate(ParentRunner.java:268)
	at org.junit.runners.ParentRunner.run(ParentRunner.java:363)
	at org.apache.maven.surefire.junit4.JUnit4Provider.execute(JUnit4Provider.java:283)
	at org.apache.maven.surefire.junit4.JUnit4Provider.executeWithRerun(JUnit4Provider.java:173)
	at org.apache.maven.surefire.junit4.JUnit4Provider.executeTestSet(JUnit4Provider.java:153)
	at org.apache.maven.surefire.junit4.JUnit4Provider.invoke(JUnit4Provider.java:128)
	at org.apache.maven.surefire.booter.ForkedBooter.invokeProviderInSameClassLoader(ForkedBooter.java:203)
	at org.apache.maven.surefire.booter.ForkedBooter.runSuitesInProcess(ForkedBooter.java:155)
	at org.apache.maven.surefire.booter.ForkedBooter.main(ForkedBooter.java:103)
java.io.FileNotFoundException: /workspace/source/resources/CustomConfigSource.json (No such file or directory)
	at java.io.FileInputStream.open0(Native Method)
	at java.io.FileInputStream.open(FileInputStream.java:195)
	at java.io.FileInputStream.<init>(FileInputStream.java:138)
	at java.io.FileReader.<init>(FileReader.java:72)
	at it.io.openliberty.sample.health.HealthTestUtil.changeProperty(HealthTestUtil.java:73)
	at it.io.openliberty.sample.health.HealthTest.testIfServicesAreDown(HealthTest.java:50)
	at sun.reflect.NativeMethodAccessorImpl.invoke0(Native Method)
	at sun.reflect.NativeMethodAccessorImpl.invoke(NativeMethodAccessorImpl.java:62)
	at sun.reflect.DelegatingMethodAccessorImpl.invoke(DelegatingMethodAccessorImpl.java:43)
	at java.lang.reflect.Method.invoke(Method.java:498)
	at org.junit.runners.model.FrameworkMethod$1.runReflectiveCall(FrameworkMethod.java:50)
	at org.junit.internal.runners.model.ReflectiveCallable.run(ReflectiveCallable.java:12)
	at org.junit.runners.model.FrameworkMethod.invokeExplosively(FrameworkMethod.java:47)
	at org.junit.internal.runners.statements.InvokeMethod.evaluate(InvokeMethod.java:17)
	at org.junit.internal.runners.statements.RunAfters.evaluate(RunAfters.java:27)
	at org.junit.runners.ParentRunner.runLeaf(ParentRunner.java:325)
	at org.junit.runners.BlockJUnit4ClassRunner.runChild(BlockJUnit4ClassRunner.java:78)
	at org.junit.runners.BlockJUnit4ClassRunner.runChild(BlockJUnit4ClassRunner.java:57)
	at org.junit.runners.ParentRunner$3.run(ParentRunner.java:290)
	at org.junit.runners.ParentRunner$1.schedule(ParentRunner.java:71)
	at org.junit.runners.ParentRunner.runChildren(ParentRunner.java:288)
	at org.junit.runners.ParentRunner.access$000(ParentRunner.java:58)
	at org.junit.runners.ParentRunner$2.evaluate(ParentRunner.java:268)
	at org.junit.runners.ParentRunner.run(ParentRunner.java:363)
	at org.apache.maven.surefire.junit4.JUnit4Provider.execute(JUnit4Provider.java:283)
	at org.apache.maven.surefire.junit4.JUnit4Provider.executeWithRerun(JUnit4Provider.java:173)
	at org.apache.maven.surefire.junit4.JUnit4Provider.executeTestSet(JUnit4Provider.java:153)
	at org.apache.maven.surefire.junit4.JUnit4Provider.invoke(JUnit4Provider.java:128)
	at org.apache.maven.surefire.booter.ForkedBooter.invokeProviderInSameClassLoader(ForkedBooter.java:203)
	at org.apache.maven.surefire.booter.ForkedBooter.runSuitesInProcess(ForkedBooter.java:155)
	at org.apache.maven.surefire.booter.ForkedBooter.main(ForkedBooter.java:103)
java.io.FileNotFoundException: /workspace/source/resources/CustomConfigSource.json (No such file or directory)
	at java.io.FileInputStream.open0(Native Method)
	at java.io.FileInputStream.open(FileInputStream.java:195)
	at java.io.FileInputStream.<init>(FileInputStream.java:138)
	at java.io.FileReader.<init>(FileReader.java:72)
	at it.io.openliberty.sample.health.HealthTestUtil.changeProperty(HealthTestUtil.java:73)
	at it.io.openliberty.sample.health.HealthTestUtil.cleanUp(HealthTestUtil.java:91)
	at it.io.openliberty.sample.health.HealthTest.teardown(HealthTest.java:65)
	at sun.reflect.NativeMethodAccessorImpl.invoke0(Native Method)
	at sun.reflect.NativeMethodAccessorImpl.invoke(NativeMethodAccessorImpl.java:62)
	at sun.reflect.DelegatingMethodAccessorImpl.invoke(DelegatingMethodAccessorImpl.java:43)
	at java.lang.reflect.Method.invoke(Method.java:498)
	at org.junit.runners.model.FrameworkMethod$1.runReflectiveCall(FrameworkMethod.java:50)
	at org.junit.internal.runners.model.ReflectiveCallable.run(ReflectiveCallable.java:12)
	at org.junit.runners.model.FrameworkMethod.invokeExplosively(FrameworkMethod.java:47)
	at org.junit.internal.runners.statements.RunAfters.evaluate(RunAfters.java:33)
	at org.junit.runners.ParentRunner.runLeaf(ParentRunner.java:325)
	at org.junit.runners.BlockJUnit4ClassRunner.runChild(BlockJUnit4ClassRunner.java:78)
	at org.junit.runners.BlockJUnit4ClassRunner.runChild(BlockJUnit4ClassRunner.java:57)
	at org.junit.runners.ParentRunner$3.run(ParentRunner.java:290)
	at org.junit.runners.ParentRunner$1.schedule(ParentRunner.java:71)
	at org.junit.runners.ParentRunner.runChildren(ParentRunner.java:288)
	at org.junit.runners.ParentRunner.access$000(ParentRunner.java:58)
	at org.junit.runners.ParentRunner$2.evaluate(ParentRunner.java:268)
	at org.junit.runners.ParentRunner.run(ParentRunner.java:363)
	at org.apache.maven.surefire.junit4.JUnit4Provider.execute(JUnit4Provider.java:283)
	at org.apache.maven.surefire.junit4.JUnit4Provider.executeWithRerun(JUnit4Provider.java:173)
	at org.apache.maven.surefire.junit4.JUnit4Provider.executeTestSet(JUnit4Provider.java:153)
	at org.apache.maven.surefire.junit4.JUnit4Provider.invoke(JUnit4Provider.java:128)
	at org.apache.maven.surefire.booter.ForkedBooter.invokeProviderInSameClassLoader(ForkedBooter.java:203)
	at org.apache.maven.surefire.booter.ForkedBooter.runSuitesInProcess(ForkedBooter.java:155)
	at org.apache.maven.surefire.booter.ForkedBooter.main(ForkedBooter.java:103)
Tests run: 2, Failures: 0, Errors: 0, Skipped: 0, Time elapsed: 2.694 sec - in it.io.openliberty.sample.health.HealthTest

Results :

Tests run: 2, Failures: 0, Errors: 0, Skipped: 0

[INFO] 
[INFO] --- liberty-maven-plugin:2.0:stop-server (stop-server) @ io.openliberty.sample.getting.started ---
[INFO] CWWKM2102I: Using artifact based assembly archive : io.openliberty:openliberty-runtime:null:RELEASE:zip.
[INFO] CWWKM2102I: Using installDirectory : /workspace/source/target/liberty/wlp.
[INFO] CWWKM2102I: Using serverName : sampleAppServer.
[INFO] CWWKM2102I: Using serverDirectory : /workspace/source/target/liberty/wlp/usr/servers/sampleAppServer.
[INFO] CWWKM2152I: Stopping server sampleAppServer.
[INFO] CWWKM2001I: server.config.dir is /workspace/source/target/liberty/wlp/usr/servers/sampleAppServer.
[INFO] CWWKM2001I: server.output.dir is /workspace/source/target/liberty/wlp/usr/servers/sampleAppServer.
[INFO] CWWKM2001I: Invoke command is [/workspace/source/target/liberty/wlp/bin/server, stop, sampleAppServer].
[INFO] 
[INFO] Picked up _JAVA_OPTIONS: -XX:+UnlockExperimentalVMOptions -XX:+UseCGroupMemoryLimitForHeap -Dsun.zip.disableMemoryMapping=true -XX:+UseParallelGC -XX:MinHeapFreeRatio=5 -XX:MaxHeapFreeRatio=10 -XX:GCTimeRatio=4 -XX:AdaptiveSizePolicyWeight=90 -Xms10m -Xmx192m
[INFO] OpenJDK 64-Bit Server VM warning: If the number of processors is expected to increase from one, then you should configure the number of parallel GC threads appropriately using -XX:ParallelGCThreads=N
[INFO] Stopping server sampleAppServer.
[INFO] Server sampleAppServer stop failed. Check server logs for details.
[WARNING] CWWKM2133W: The command to stop server sampleAppServer failed. The server is probably already stopped.
[INFO] 
[INFO] --- maven-failsafe-plugin:2.18.1:verify (verify-results) @ io.openliberty.sample.getting.started ---
[INFO] Failsafe report directory: /workspace/source/target/test-reports/it
[INFO] 
[INFO] --- maven-install-plugin:2.4:install (default-install) @ io.openliberty.sample.getting.started ---
[INFO] Installing /workspace/source/target/io.openliberty.sample.getting.started-1.0.0.war to /home/jenkins/.mvnrepository/io/openliberty/samples/io.openliberty.sample.getting.started/1.0.0/io.openliberty.sample.getting.started-1.0.0.war
[INFO] Installing /workspace/source/pom.xml to /home/jenkins/.mvnrepository/io/openliberty/samples/io.openliberty.sample.getting.started/1.0.0/io.openliberty.sample.getting.started-1.0.0.pom
[INFO] 
[INFO] --- maven-deploy-plugin:2.8.2:deploy (default-deploy) @ io.openliberty.sample.getting.started ---
[INFO] Using alternate deployment repository local-nexus::default::http://nexus/repository/maven-releases/
[INFO] ------------------------------------------------------------------------
[INFO] BUILD SUCCESS
[INFO] ------------------------------------------------------------------------
[INFO] Total time:  01:47 min
[INFO] Finished at: 2020-01-02T15:56:57Z
[INFO] ------------------------------------------------------------------------

Showing logs for build [32mpaolocarta-openliberty-svc-mast-v62vt-1[0m stage [32mfrom-build-pack[0m and container [32mstep-build-skaffold-version[0m
v1.0.1

Showing logs for build [32mpaolocarta-openliberty-svc-mast-v62vt-1[0m stage [32mfrom-build-pack[0m and container [32mstep-build-container-build[0m
[36mINFO[0m[0000] Downloading base image open-liberty:microProfile1 
ERROR: logging before flag.Parse: E0102 15:56:58.698407      11 metadata.go:142] while reading 'google-dockercfg' metadata: http status code: 404 while fetching url http://metadata.google.internal./computeMetadata/v1/instance/attributes/google-dockercfg
ERROR: logging before flag.Parse: E0102 15:56:58.701475      11 metadata.go:159] while reading 'google-dockercfg-url' metadata: http status code: 404 while fetching url http://metadata.google.internal./computeMetadata/v1/instance/attributes/google-dockercfg-url
2020/01/02 15:56:58 No matching credentials were found, falling back on anonymous
[36mINFO[0m[0001] Error while retrieving image from cache: getting file info: stat /workspace/sha256:fe4a7c848a27f88387eb2c1be3bbc7fe0bd13413b6c92a4a6859c8ef8c891c7e: no such file or directory 
[36mINFO[0m[0001] Downloading base image open-liberty:microProfile1 
2020/01/02 15:56:59 No matching credentials were found, falling back on anonymous
[36mINFO[0m[0002] Using files from context: [/workspace/source/target/liberty/wlp/usr/servers/sampleAppServer] 
[36mINFO[0m[0002] Using files from context: [/workspace/source/target/io.openliberty.sample.getting.started-1.0.0.war] 
[36mINFO[0m[0002] Skipping unpacking as no commands require it. 
[36mINFO[0m[0002] Taking snapshot of full filesystem...        
[36mINFO[0m[0002] Using files from context: [/workspace/source/target/liberty/wlp/usr/servers/sampleAppServer] 
[36mINFO[0m[0002] COPY target/liberty/wlp/usr/servers/sampleAppServer /config/ 
[36mINFO[0m[0002] Taking snapshot of files...                  
[36mINFO[0m[0003] Using files from context: [/workspace/source/target/io.openliberty.sample.getting.started-1.0.0.war] 
[36mINFO[0m[0003] COPY target/*.war /config/apps/io.openliberty.sample.getting.started.war 
[36mINFO[0m[0003] Taking snapshot of files...                  
2020/01/02 15:57:02 existing blob: sha256:45d437916d5781043432f2d72608049dcf74ddbd27daa01a25fa63c8f1b9adc4
2020/01/02 15:57:02 existing blob: sha256:8c3b70e3904492c753652606df4726430426f42ea56e06ea924d6fea7ae162a1
2020/01/02 15:57:02 existing blob: sha256:c1bbdc448b7263673926b8fe2e88491e5083a8b4b06ddfabf311f2fc5f27e2ff
2020/01/02 15:57:02 existing blob: sha256:7ddbc47eeb70dc7f08e410a6667948b87ff3883024eb41478b44ef9a81bf400c
2020/01/02 15:57:05 pushed blob: sha256:7e9fa7e3f23dbc97bd3ea4659efe3e3515dca57a6b82acb0cc8a68b64b5ae1c0
2020/01/02 15:57:05 pushed blob: sha256:89a668502878c7d9b95f07d07c9c53afc427c3de59a103f92024c790147cb092
2020/01/02 15:57:05 pushed blob: sha256:99e3078445fc99b62cc3ee5a616b7725c89719cecc1f288afd86981233a142f9
2020/01/02 15:57:06 pushed blob: sha256:0eeb388b1f7c8d5c23de082297bf76b7c513fb9288b34baf3f51862b17b6cdba
2020/01/02 15:57:06 pushed blob: sha256:375307f9780e4c51c2167b93500bd6966b2a953678e98d58d7ba5aaf35e29e5f
2020/01/02 15:57:06 pushed blob: sha256:b38769998640a5dafe0f9350d07753c78b338a39325616a04a33870215e17b19
2020/01/02 15:57:09 pushed blob: sha256:9ae681556a413fb85d85200ab9606a00cf59e545c0ee2402d3cc6a7d06a41a21
2020/01/02 15:57:09 pushed blob: sha256:e238728b91d1ef39d7237c0a5e0ae06cf202d5defed355e017469a26442653e3
2020/01/02 15:57:14 pushed blob: sha256:51745cbba88783fc3aa59e5df3fabf6a6ce4c60b164f69c54c96fa84084b7889
2020/01/02 15:57:16 pushed blob: sha256:c8e06e6be2bbbf36268b77779e71275c0c7c9b940a948e6236199cb169409cf4
2020/01/02 15:57:18 gcr.io/ci-cd-playground/openliberty-svc:1.0.0: digest: sha256:176af1ae31979addb5a5af5e98c55d32144bc8db2af2b1c59f038a915c86c7a6 size: 2376

Showing logs for build [32mpaolocarta-openliberty-svc-mast-v62vt-1[0m stage [32mfrom-build-pack[0m and container [32mstep-build-post-build[0m
no CVE provider running in the current ** namespace so skip adding image to be analysed

Showing logs for build [32mpaolocarta-openliberty-svc-mast-v62vt-1[0m stage [32mfrom-build-pack[0m and container [32mstep-promote-changelog[0m
Converted /workspace/source/charts/openliberty-svc to an unshallow repository
Generating change log from git ref c1797eb375ae56ade5d8185593d9c612d1d34e76 => f07c26718a25ea2ec92064bb52e238db886d4537
Associating user x-0 in users.jenkins.io with email pcarta@redhat.com to git GitProvider user with login -0 as emails match
Adding label jenkins.io/git-github-userid=-0 to user x-0 in users.jenkins.io
WARNING: Failed to enrich commit d69e9fe73e6dc82ac638b48f8f5df391e0e5d6ce with issues: User.jenkins.io "x-0" is invalid: metadata.labels: Invalid value: "-0": a valid label must be an empty string or consist of alphanumeric characters, '-', '_' or '.', and must start and end with an alphanumeric character (e.g. 'MyValue',  or 'my_value',  or '12345', regex used for validation is '(([A-Za-z0-9][-A-Za-z0-9_.]*)?[A-Za-z0-9])?')
Associating user x-0 in users.jenkins.io with email pcarta@redhat.com to git GitProvider user with login -0 as emails match
Adding label jenkins.io/git-github-userid=-0 to user x-0 in users.jenkins.io
WARNING: Failed to enrich commit d69e9fe73e6dc82ac638b48f8f5df391e0e5d6ce with issues: User.jenkins.io "x-0" is invalid: metadata.labels: Invalid value: "-0": a valid label must be an empty string or consist of alphanumeric characters, '-', '_' or '.', and must start and end with an alphanumeric character (e.g. 'MyValue',  or 'my_value',  or '12345', regex used for validation is '(([A-Za-z0-9][-A-Za-z0-9_.]*)?[A-Za-z0-9])?')
Finding issues in commit messages using git format
Associating user x-0 in users.jenkins.io with email pcarta@redhat.com to git GitProvider user with login -0 as emails match
Adding label jenkins.io/git-github-userid=-0 to user x-0 in users.jenkins.io
WARNING: Failed to enrich commit 88ba4b4e9bd372135c7427738dc49322085fc547 with issues: User.jenkins.io "x-0" is invalid: metadata.labels: Invalid value: "-0": a valid label must be an empty string or consist of alphanumeric characters, '-', '_' or '.', and must start and end with an alphanumeric character (e.g. 'MyValue',  or 'my_value',  or '12345', regex used for validation is '(([A-Za-z0-9][-A-Za-z0-9_.]*)?[A-Za-z0-9])?')
Associating user x-0 in users.jenkins.io with email pcarta@redhat.com to git GitProvider user with login -0 as emails match
Adding label jenkins.io/git-github-userid=-0 to user x-0 in users.jenkins.io
WARNING: Failed to enrich commit 88ba4b4e9bd372135c7427738dc49322085fc547 with issues: User.jenkins.io "x-0" is invalid: metadata.labels: Invalid value: "-0": a valid label must be an empty string or consist of alphanumeric characters, '-', '_' or '.', and must start and end with an alphanumeric character (e.g. 'MyValue',  or 'my_value',  or '12345', regex used for validation is '(([A-Za-z0-9][-A-Za-z0-9_.]*)?[A-Za-z0-9])?')
WARNING: No release found for **********/openliberty-svc and tag v1.0.0 so creating a new release
Updated the release information at https://github.com/**********/openliberty-svc/releases/tag/v1.0.0
generated: /workspace/source/charts/openliberty-svc/templates/release.yaml
Created Release openliberty-svc-1-0-0 resource in namespace **
Updating PipelineActivity **********-openliberty-svc-master-1 with version 1.0.0
Updated PipelineActivities **********-openliberty-svc-master-1 with release notes URL: https://github.com/**********/openliberty-svc/releases/tag/v1.0.0

Showing logs for build [32mpaolocarta-openliberty-svc-mast-v62vt-1[0m stage [32mfrom-build-pack[0m and container [32mstep-promote-helm-release[0m
WARNING: No $CHART_REPOSITORY defined so using the default value of: http://jenkins-x-chartmuseum:8080
Adding missing Helm repo: storage.googleapis.com https://storage.googleapis.com/chartmuseum.jenkins-x.io
Successfully added Helm repository storage.googleapis.com.
Adding missing Helm repo: jenkins-x-chartmuseum http://jenkins-x-chartmuseum:8080
Successfully added Helm repository jenkins-x-chartmuseum.
WARNING: No $CHART_REPOSITORY defined so using the default value of: http://jenkins-x-chartmuseum:8080
Uploading chart file openliberty-svc-1.0.0.tgz to http://jenkins-x-chartmuseum:8080/api/charts
Received 201 response: {"saved":true}

Showing logs for build [32mpaolocarta-openliberty-svc-mast-v62vt-1[0m stage [32mfrom-build-pack[0m and container [32mstep-promote-jx-promote[0m
WARNING: prow based install so skip waiting for the merge of Pull Requests to go green as currently there is an issue with gettingstatuses from the PR, see https://github.com/jenkins-x/**/issues/2410
WARNING: No $CHART_REPOSITORY defined so using the default value of: http://jenkins-x-chartmuseum:8080
Promoting app openliberty-svc version 1.0.0 to namespace **-staging
Created Pull Request: https://github.com/**********/environment-**-cluster-staging/pull/2
Added label updatebot to Pull Request https://github.com/**********/environment-**-cluster-staging/pull/2
got git provider status pending from PR https://github.com/**********/environment-**-cluster-staging/pull/2
got git provider status pending from PR https://github.com/**********/environment-**-cluster-staging/pull/2
got git provider status pending from PR https://github.com/**********/environment-**-cluster-staging/pull/2
got git provider status pending from PR https://github.com/**********/environment-**-cluster-staging/pull/2
Pull Request https://github.com/**********/environment-**-cluster-staging/pull/2 is merged at sha 4a24f48fff51f1bed12cec879faabbf4725368b9
Pull Request merged but we are not waiting for the update pipeline to complete!
WARNING: Could not find the service URL in namespace **-staging for names openliberty-svc, **-openliberty-svc, **-staging-openliberty-svc
